{"/Users/tony/allocator/src/Controller.ts": {"path":"/Users/tony/allocator/src/Controller.ts","statementMap":{"0":{"start":{"line":1,"column":0},"end":{"line":1,"column":32}},"1":{"start":{"line":4,"column":0},"end":{"line":4,"column":75}},"2":{"start":{"line":5,"column":0},"end":{"line":5,"column":104}},"3":{"start":{"line":6,"column":0},"end":{"line":6,"column":84}},"4":{"start":{"line":7,"column":0},"end":{"line":7,"column":82}},"5":{"start":{"line":8,"column":0},"end":{"line":8,"column":90}},"6":{"start":{"line":9,"column":0},"end":{"line":9,"column":84}},"7":{"start":{"line":10,"column":0},"end":{"line":10,"column":91}},"8":{"start":{"line":12,"column":28},"end":{"line":45,"column":1}},"9":{"start":{"line":15,"column":2},"end":{"line":15,"column":null}},"10":{"start":{"line":17,"column":27},"end":{"line":17,"column":61}},"11":{"start":{"line":19,"column":26},"end":{"line":19,"column":51}},"12":{"start":{"line":21,"column":23},"end":{"line":27,"column":4}},"13":{"start":{"line":21,"column":58},"end":{"line":21,"column":60}},"14":{"start":{"line":21,"column":68},"end":{"line":21,"column":70}},"15":{"start":{"line":22,"column":24},"end":{"line":22,"column":46}},"16":{"start":{"line":24,"column":4},"end":{"line":26,"column":null}},"17":{"start":{"line":25,"column":6},"end":{"line":25,"column":null}},"18":{"start":{"line":29,"column":32},"end":{"line":31,"column":null}},"19":{"start":{"line":34,"column":23},"end":{"line":36,"column":null}},"20":{"start":{"line":39,"column":23},"end":{"line":39,"column":59}},"21":{"start":{"line":41,"column":2},"end":{"line":44,"column":null}},"22":{"start":{"line":12,"column":13},"end":{"line":12,"column":28}}},"fnMap":{"0":{"name":"(anonymous_0)","decl":{"start":{"line":12,"column":28},"end":{"line":12,"column":null}},"loc":{"start":{"line":13,"column":39},"end":{"line":45,"column":1}}},"1":{"name":"(anonymous_1)","decl":{"start":{"line":21,"column":51},"end":{"line":21,"column":52}},"loc":{"start":{"line":21,"column":70},"end":{"line":27,"column":3}}},"2":{"name":"(anonymous_2)","decl":{"start":{"line":24,"column":27},"end":{"line":24,"column":28}},"loc":{"start":{"line":24,"column":32},"end":{"line":25,"column":27}}}},"branchMap":{},"s":{"0":0,"1":0,"2":0,"3":0,"4":0,"5":0,"6":0,"7":0,"8":0,"9":0,"10":0,"11":0,"12":0,"13":0,"14":0,"15":0,"16":0,"17":0,"18":0,"19":0,"20":0,"21":0,"22":0},"f":{"0":0,"1":0,"2":0},"b":{}}
,"/Users/tony/allocator/src/__tests__/utils/aaveStrategy.ts": {"path":"/Users/tony/allocator/src/__tests__/utils/aaveStrategy.ts","statementMap":{"0":{"start":{"line":1,"column":0},"end":{"line":1,"column":36}},"1":{"start":{"line":2,"column":0},"end":{"line":2,"column":39}},"2":{"start":{"line":4,"column":13},"end":{"line":46,"column":null}}},"fnMap":{},"branchMap":{},"s":{"0":0,"1":0,"2":0},"f":{},"b":{}}
,"/Users/tony/allocator/src/__tests__/utils/compoundStrategy.ts": {"path":"/Users/tony/allocator/src/__tests__/utils/compoundStrategy.ts","statementMap":{"0":{"start":{"line":1,"column":0},"end":{"line":1,"column":36}},"1":{"start":{"line":2,"column":0},"end":{"line":2,"column":39}},"2":{"start":{"line":4,"column":13},"end":{"line":34,"column":null}}},"fnMap":{},"branchMap":{},"s":{"0":0,"1":0,"2":0},"f":{},"b":{}}
,"/Users/tony/allocator/src/__tests__/utils/convexStrategy.ts": {"path":"/Users/tony/allocator/src/__tests__/utils/convexStrategy.ts","statementMap":{"0":{"start":{"line":1,"column":0},"end":{"line":1,"column":36}},"1":{"start":{"line":2,"column":0},"end":{"line":2,"column":39}},"2":{"start":{"line":4,"column":13},"end":{"line":50,"column":null}}},"fnMap":{},"branchMap":{},"s":{"0":0,"1":0,"2":0},"f":{},"b":{}}
,"/Users/tony/allocator/src/__tests__/utils/index.ts": {"path":"/Users/tony/allocator/src/__tests__/utils/index.ts","statementMap":{"0":{"start":{"line":1,"column":0},"end":{"line":1,"column":30}},"1":{"start":{"line":2,"column":0},"end":{"line":2,"column":34}},"2":{"start":{"line":3,"column":0},"end":{"line":3,"column":32}},"3":{"start":{"line":4,"column":0},"end":{"line":4,"column":31}},"4":{"start":{"line":5,"column":0},"end":{"line":5,"column":35}}},"fnMap":{},"branchMap":{},"s":{"0":0,"1":0,"2":0,"3":0,"4":0},"f":{},"b":{}}
,"/Users/tony/allocator/src/__tests__/utils/mixedStrategy.ts": {"path":"/Users/tony/allocator/src/__tests__/utils/mixedStrategy.ts","statementMap":{"0":{"start":{"line":1,"column":0},"end":{"line":1,"column":36}},"1":{"start":{"line":2,"column":0},"end":{"line":2,"column":39}},"2":{"start":{"line":4,"column":13},"end":{"line":50,"column":null}}},"fnMap":{},"branchMap":{},"s":{"0":0,"1":0,"2":0},"f":{},"b":{}}
,"/Users/tony/allocator/src/__tests__/utils/removeItemAtIndex.ts": {"path":"/Users/tony/allocator/src/__tests__/utils/removeItemAtIndex.ts","statementMap":{"0":{"start":{"line":1,"column":33},"end":{"line":5,"column":7}},"1":{"start":{"line":5,"column":2},"end":{"line":5,"column":null}},"2":{"start":{"line":1,"column":13},"end":{"line":1,"column":33}}},"fnMap":{"0":{"name":"(anonymous_0)","decl":{"start":{"line":1,"column":33},"end":{"line":1,"column":null}},"loc":{"start":{"line":3,"column":17},"end":{"line":5,"column":7}}}},"branchMap":{},"s":{"0":0,"1":0,"2":0},"f":{"0":0},"b":{}}
,"/Users/tony/allocator/src/clients/boostMultiplierClient.ts": {"path":"/Users/tony/allocator/src/clients/boostMultiplierClient.ts","statementMap":{"0":{"start":{"line":1,"column":0},"end":{"line":1,"column":36}},"1":{"start":{"line":4,"column":37},"end":{"line":6,"column":1}},"2":{"start":{"line":5,"column":2},"end":{"line":5,"column":null}},"3":{"start":{"line":4,"column":13},"end":{"line":4,"column":37}}},"fnMap":{"0":{"name":"(anonymous_1)","decl":{"start":{"line":4,"column":37},"end":{"line":4,"column":null}},"loc":{"start":{"line":4,"column":37},"end":{"line":6,"column":1}}}},"branchMap":{},"s":{"0":0,"1":0,"2":0,"3":0},"f":{"0":0},"b":{}}
,"/Users/tony/allocator/src/clients/coinAllocation/DAIAllocationClient.ts": {"path":"/Users/tony/allocator/src/clients/coinAllocation/DAIAllocationClient.ts","statementMap":{"0":{"start":{"line":1,"column":0},"end":{"line":1,"column":36}},"1":{"start":{"line":2,"column":0},"end":{"line":2,"column":47}},"2":{"start":{"line":4,"column":35},"end":{"line":6,"column":1}},"3":{"start":{"line":5,"column":2},"end":{"line":5,"column":null}},"4":{"start":{"line":4,"column":13},"end":{"line":4,"column":35}}},"fnMap":{"0":{"name":"(anonymous_1)","decl":{"start":{"line":4,"column":35},"end":{"line":4,"column":null}},"loc":{"start":{"line":4,"column":35},"end":{"line":6,"column":1}}}},"branchMap":{},"s":{"0":0,"1":0,"2":0,"3":0,"4":0},"f":{"0":0},"b":{}}
,"/Users/tony/allocator/src/clients/coinAllocation/USDCAllocationClient.ts": {"path":"/Users/tony/allocator/src/clients/coinAllocation/USDCAllocationClient.ts","statementMap":{"0":{"start":{"line":1,"column":0},"end":{"line":1,"column":36}},"1":{"start":{"line":2,"column":0},"end":{"line":2,"column":47}},"2":{"start":{"line":4,"column":36},"end":{"line":6,"column":1}},"3":{"start":{"line":5,"column":2},"end":{"line":5,"column":null}},"4":{"start":{"line":4,"column":13},"end":{"line":4,"column":36}}},"fnMap":{"0":{"name":"(anonymous_1)","decl":{"start":{"line":4,"column":36},"end":{"line":4,"column":null}},"loc":{"start":{"line":4,"column":36},"end":{"line":6,"column":1}}}},"branchMap":{},"s":{"0":0,"1":0,"2":0,"3":0,"4":0},"f":{"0":0},"b":{}}
,"/Users/tony/allocator/src/clients/coinAllocation/USDTAllocationClient.ts": {"path":"/Users/tony/allocator/src/clients/coinAllocation/USDTAllocationClient.ts","statementMap":{"0":{"start":{"line":1,"column":0},"end":{"line":1,"column":36}},"1":{"start":{"line":2,"column":0},"end":{"line":2,"column":47}},"2":{"start":{"line":4,"column":36},"end":{"line":6,"column":1}},"3":{"start":{"line":5,"column":2},"end":{"line":5,"column":null}},"4":{"start":{"line":4,"column":13},"end":{"line":4,"column":36}}},"fnMap":{"0":{"name":"(anonymous_1)","decl":{"start":{"line":4,"column":36},"end":{"line":4,"column":null}},"loc":{"start":{"line":4,"column":36},"end":{"line":6,"column":1}}}},"branchMap":{},"s":{"0":0,"1":0,"2":0,"3":0,"4":0},"f":{"0":0},"b":{}}
,"/Users/tony/allocator/src/clients/strategyAPY/aaveAPYClient.ts": {"path":"/Users/tony/allocator/src/clients/strategyAPY/aaveAPYClient.ts","statementMap":{"0":{"start":{"line":1,"column":0},"end":{"line":1,"column":65}},"1":{"start":{"line":2,"column":0},"end":{"line":2,"column":45}},"2":{"start":{"line":4,"column":17},"end":{"line":4,"column":30}},"3":{"start":{"line":6,"column":29},"end":{"line":8,"column":1}},"4":{"start":{"line":7,"column":2},"end":{"line":7,"column":null}},"5":{"start":{"line":6,"column":13},"end":{"line":6,"column":29}},"6":{"start":{"line":10,"column":49},"end":{"line":27,"column":2}}},"fnMap":{"0":{"name":"(anonymous_0)","decl":{"start":{"line":6,"column":29},"end":{"line":6,"column":30}},"loc":{"start":{"line":6,"column":55},"end":{"line":8,"column":1}}}},"branchMap":{},"s":{"0":0,"1":0,"2":0,"3":0,"4":0,"5":0,"6":0},"f":{"0":0},"b":{}}
,"/Users/tony/allocator/src/clients/strategyAPY/compoundAPYClient.ts": {"path":"/Users/tony/allocator/src/clients/strategyAPY/compoundAPYClient.ts","statementMap":{"0":{"start":{"line":1,"column":0},"end":{"line":1,"column":65}},"1":{"start":{"line":2,"column":0},"end":{"line":2,"column":45}},"2":{"start":{"line":4,"column":17},"end":{"line":4,"column":34}},"3":{"start":{"line":6,"column":33},"end":{"line":11,"column":1}},"4":{"start":{"line":10,"column":2},"end":{"line":10,"column":null}},"5":{"start":{"line":6,"column":13},"end":{"line":6,"column":33}},"6":{"start":{"line":13,"column":49},"end":{"line":30,"column":2}}},"fnMap":{"0":{"name":"(anonymous_0)","decl":{"start":{"line":6,"column":33},"end":{"line":6,"column":null}},"loc":{"start":{"line":8,"column":15},"end":{"line":11,"column":1}}}},"branchMap":{},"s":{"0":0,"1":0,"2":0,"3":0,"4":0,"5":0,"6":0},"f":{"0":0},"b":{}}
,"/Users/tony/allocator/src/clients/strategyAPY/convexAPYClient.ts": {"path":"/Users/tony/allocator/src/clients/strategyAPY/convexAPYClient.ts","statementMap":{"0":{"start":{"line":1,"column":0},"end":{"line":1,"column":65}},"1":{"start":{"line":2,"column":0},"end":{"line":2,"column":45}},"2":{"start":{"line":4,"column":17},"end":{"line":4,"column":32}},"3":{"start":{"line":6,"column":31},"end":{"line":8,"column":1}},"4":{"start":{"line":7,"column":2},"end":{"line":7,"column":null}},"5":{"start":{"line":6,"column":13},"end":{"line":6,"column":31}},"6":{"start":{"line":10,"column":49},"end":{"line":27,"column":2}}},"fnMap":{"0":{"name":"(anonymous_0)","decl":{"start":{"line":6,"column":31},"end":{"line":6,"column":32}},"loc":{"start":{"line":6,"column":57},"end":{"line":8,"column":1}}}},"branchMap":{},"s":{"0":0,"1":0,"2":0,"3":0,"4":0,"5":0,"6":0},"f":{"0":0},"b":{}}
,"/Users/tony/allocator/src/models/index.ts": {"path":"/Users/tony/allocator/src/models/index.ts","statementMap":{"0":{"start":{"line":1,"column":0},"end":{"line":1,"column":24}},"1":{"start":{"line":2,"column":0},"end":{"line":2,"column":33}},"2":{"start":{"line":3,"column":0},"end":{"line":3,"column":34}},"3":{"start":{"line":4,"column":0},"end":{"line":4,"column":32}},"4":{"start":{"line":5,"column":0},"end":{"line":5,"column":33}},"5":{"start":{"line":6,"column":0},"end":{"line":6,"column":29}},"6":{"start":{"line":7,"column":0},"end":{"line":7,"column":26}},"7":{"start":{"line":8,"column":0},"end":{"line":8,"column":27}},"8":{"start":{"line":9,"column":0},"end":{"line":9,"column":23}}},"fnMap":{},"branchMap":{},"s":{"0":0,"1":0,"2":0,"3":0,"4":0,"5":0,"6":0,"7":0,"8":0},"f":{},"b":{}}
,"/Users/tony/allocator/src/models/requests/index.ts": {"path":"/Users/tony/allocator/src/models/requests/index.ts","statementMap":{"0":{"start":{"line":1,"column":0},"end":{"line":1,"column":37}}},"fnMap":{},"branchMap":{},"s":{"0":0},"f":{},"b":{}}
,"/Users/tony/allocator/src/models/responses/index.ts": {"path":"/Users/tony/allocator/src/models/responses/index.ts","statementMap":{"0":{"start":{"line":1,"column":0},"end":{"line":1,"column":38}}},"fnMap":{},"branchMap":{},"s":{"0":0},"f":{},"b":{}}
,"/Users/tony/allocator/src/models/types/APYType.ts": {"path":"/Users/tony/allocator/src/models/types/APYType.ts","statementMap":{"0":{"start":{"line":1,"column":0},"end":{"line":1,"column":null}},"1":{"start":{"line":2,"column":2},"end":{"line":2,"column":null}},"2":{"start":{"line":3,"column":2},"end":{"line":3,"column":null}},"3":{"start":{"line":6,"column":13},"end":{"line":6,"column":null}}},"fnMap":{"0":{"name":"(anonymous_0)","decl":{"start":{"line":1,"column":0},"end":{"line":1,"column":12}},"loc":{"start":{"line":1,"column":19},"end":{"line":4,"column":1}}}},"branchMap":{"0":{"loc":{"start":{"line":1,"column":12},"end":{"line":1,"column":null}},"type":"binary-expr","locations":[{"start":{"line":1,"column":12},"end":{"line":1,"column":19}},{"start":{"line":1,"column":12},"end":{"line":1,"column":null}}]}},"s":{"0":0,"1":0,"2":0,"3":0},"f":{"0":0},"b":{"0":[0,0]}}
,"/Users/tony/allocator/src/models/types/Coin.ts": {"path":"/Users/tony/allocator/src/models/types/Coin.ts","statementMap":{"0":{"start":{"line":1,"column":0},"end":{"line":1,"column":null}},"1":{"start":{"line":2,"column":2},"end":{"line":2,"column":null}},"2":{"start":{"line":3,"column":2},"end":{"line":3,"column":null}},"3":{"start":{"line":4,"column":2},"end":{"line":4,"column":null}},"4":{"start":{"line":7,"column":13},"end":{"line":7,"column":null}}},"fnMap":{"0":{"name":"(anonymous_0)","decl":{"start":{"line":1,"column":0},"end":{"line":1,"column":12}},"loc":{"start":{"line":1,"column":16},"end":{"line":5,"column":1}}}},"branchMap":{"0":{"loc":{"start":{"line":1,"column":12},"end":{"line":1,"column":null}},"type":"binary-expr","locations":[{"start":{"line":1,"column":12},"end":{"line":1,"column":16}},{"start":{"line":1,"column":12},"end":{"line":1,"column":null}}]}},"s":{"0":0,"1":0,"2":0,"3":0,"4":0},"f":{"0":0},"b":{"0":[0,0]}}
,"/Users/tony/allocator/src/models/types/Strategy.ts": {"path":"/Users/tony/allocator/src/models/types/Strategy.ts","statementMap":{"0":{"start":{"line":1,"column":0},"end":{"line":1,"column":null}},"1":{"start":{"line":2,"column":2},"end":{"line":2,"column":null}},"2":{"start":{"line":3,"column":2},"end":{"line":3,"column":null}},"3":{"start":{"line":4,"column":2},"end":{"line":4,"column":null}},"4":{"start":{"line":7,"column":13},"end":{"line":7,"column":null}}},"fnMap":{"0":{"name":"(anonymous_0)","decl":{"start":{"line":1,"column":0},"end":{"line":1,"column":12}},"loc":{"start":{"line":1,"column":20},"end":{"line":5,"column":1}}}},"branchMap":{"0":{"loc":{"start":{"line":1,"column":12},"end":{"line":1,"column":null}},"type":"binary-expr","locations":[{"start":{"line":1,"column":12},"end":{"line":1,"column":20}},{"start":{"line":1,"column":12},"end":{"line":1,"column":null}}]}},"s":{"0":0,"1":0,"2":0,"3":0,"4":0},"f":{"0":0},"b":{"0":[0,0]}}
,"/Users/tony/allocator/src/models/types/index.ts": {"path":"/Users/tony/allocator/src/models/types/index.ts","statementMap":{"0":{"start":{"line":1,"column":0},"end":{"line":1,"column":25}},"1":{"start":{"line":2,"column":0},"end":{"line":2,"column":22}},"2":{"start":{"line":3,"column":0},"end":{"line":3,"column":26}}},"fnMap":{},"branchMap":{},"s":{"0":0,"1":0,"2":0},"f":{},"b":{}}
,"/Users/tony/allocator/src/providers/boostMultiplierProvider.ts": {"path":"/Users/tony/allocator/src/providers/boostMultiplierProvider.ts","statementMap":{"0":{"start":{"line":1,"column":0},"end":{"line":1,"column":69}},"1":{"start":{"line":4,"column":39},"end":{"line":5,"column":23}},"2":{"start":{"line":5,"column":2},"end":{"line":5,"column":null}},"3":{"start":{"line":4,"column":13},"end":{"line":4,"column":39}}},"fnMap":{"0":{"name":"(anonymous_0)","decl":{"start":{"line":4,"column":39},"end":{"line":4,"column":null}},"loc":{"start":{"line":4,"column":39},"end":{"line":5,"column":23}}}},"branchMap":{},"s":{"0":0,"1":0,"2":0,"3":0},"f":{"0":0},"b":{}}
,"/Users/tony/allocator/src/providers/coinDistributionProvider.ts": {"path":"/Users/tony/allocator/src/providers/coinDistributionProvider.ts","statementMap":{"0":{"start":{"line":1,"column":0},"end":{"line":1,"column":90}},"1":{"start":{"line":2,"column":0},"end":{"line":2,"column":92}},"2":{"start":{"line":3,"column":0},"end":{"line":3,"column":92}},"3":{"start":{"line":4,"column":0},"end":{"line":4,"column":57}},"4":{"start":{"line":6,"column":17},"end":{"line":10,"column":null}},"5":{"start":{"line":12,"column":40},"end":{"line":13,"column":10}},"6":{"start":{"line":13,"column":2},"end":{"line":13,"column":null}},"7":{"start":{"line":13,"column":25},"end":{"line":13,"column":45}},"8":{"start":{"line":12,"column":13},"end":{"line":12,"column":40}}},"fnMap":{"0":{"name":"(anonymous_0)","decl":{"start":{"line":12,"column":40},"end":{"line":12,"column":null}},"loc":{"start":{"line":12,"column":40},"end":{"line":13,"column":10}}},"1":{"name":"(anonymous_1)","decl":{"start":{"line":13,"column":15},"end":{"line":13,"column":16}},"loc":{"start":{"line":13,"column":20},"end":{"line":13,"column":36}}}},"branchMap":{},"s":{"0":0,"1":0,"2":0,"3":0,"4":0,"5":0,"6":0,"7":0,"8":0},"f":{"0":0,"1":0},"b":{}}
,"/Users/tony/allocator/src/providers/strategyAPYProvider.ts": {"path":"/Users/tony/allocator/src/providers/strategyAPYProvider.ts","statementMap":{"0":{"start":{"line":1,"column":0},"end":{"line":1,"column":65}},"1":{"start":{"line":2,"column":0},"end":{"line":2,"column":73}},"2":{"start":{"line":3,"column":0},"end":{"line":3,"column":69}},"3":{"start":{"line":4,"column":0},"end":{"line":4,"column":58}},"4":{"start":{"line":6,"column":16},"end":{"line":10,"column":null}},"5":{"start":{"line":12,"column":35},"end":{"line":19,"column":1}},"6":{"start":{"line":13,"column":10},"end":{"line":13,"column":null}},"7":{"start":{"line":14,"column":6},"end":{"line":14,"column":null}},"8":{"start":{"line":15,"column":6},"end":{"line":15,"column":null}},"9":{"start":{"line":17,"column":17},"end":{"line":17,"column":37}},"10":{"start":{"line":18,"column":2},"end":{"line":18,"column":null}},"11":{"start":{"line":12,"column":13},"end":{"line":12,"column":35}}},"fnMap":{"0":{"name":"(anonymous_0)","decl":{"start":{"line":12,"column":35},"end":{"line":12,"column":36}},"loc":{"start":{"line":16,"column":9},"end":{"line":19,"column":1}}}},"branchMap":{},"s":{"0":0,"1":0,"2":0,"3":0,"4":0,"5":0,"6":0,"7":0,"8":0,"9":0,"10":0,"11":0},"f":{"0":0},"b":{}}
,"/Users/tony/allocator/src/services/calculators/percentageDistributionCalculator.ts": {"path":"/Users/tony/allocator/src/services/calculators/percentageDistributionCalculator.ts","statementMap":{"0":{"start":{"line":1,"column":0},"end":{"line":1,"column":36}},"1":{"start":{"line":3,"column":0},"end":{"line":3,"column":77}},"2":{"start":{"line":4,"column":0},"end":{"line":4,"column":41}},"3":{"start":{"line":7,"column":2},"end":{"line":24,"column":3}},"4":{"start":{"line":8,"column":30},"end":{"line":8,"column":56}},"5":{"start":{"line":10,"column":24},"end":{"line":11,"column":null}},"6":{"start":{"line":11,"column":37},"end":{"line":11,"column":39}},"7":{"start":{"line":11,"column":44},"end":{"line":11,"column":51}},"8":{"start":{"line":14,"column":4},"end":{"line":18,"column":null}},"9":{"start":{"line":15,"column":6},"end":{"line":18,"column":null}},"10":{"start":{"line":15,"column":42},"end":{"line":15,"column":44}},"11":{"start":{"line":15,"column":49},"end":{"line":18,"column":9}},"12":{"start":{"line":20,"column":4},"end":{"line":23,"column":null}},"13":{"start":{"line":20,"column":40},"end":{"line":20,"column":42}},"14":{"start":{"line":20,"column":48},"end":{"line":20,"column":50}},"15":{"start":{"line":20,"column":55},"end":{"line":23,"column":7}},"16":{"start":{"line":6,"column":13},"end":{"line":6,"column":null}}},"fnMap":{"0":{"name":"(anonymous_1)","decl":{"start":{"line":7,"column":2},"end":{"line":7,"column":null}},"loc":{"start":{"line":7,"column":2},"end":{"line":24,"column":3}}},"1":{"name":"(anonymous_2)","decl":{"start":{"line":11,"column":28},"end":{"line":11,"column":29}},"loc":{"start":{"line":11,"column":39},"end":{"line":11,"column":50}}},"2":{"name":"(anonymous_3)","decl":{"start":{"line":15,"column":35},"end":{"line":15,"column":36}},"loc":{"start":{"line":15,"column":44},"end":{"line":15,"column":50}}},"3":{"name":"(anonymous_4)","decl":{"start":{"line":20,"column":33},"end":{"line":20,"column":34}},"loc":{"start":{"line":20,"column":50},"end":{"line":20,"column":56}}}},"branchMap":{"0":{"loc":{"start":{"line":14,"column":4},"end":{"line":18,"column":null}},"type":"if","locations":[{"start":{"line":14,"column":4},"end":{"line":18,"column":null}}]}},"s":{"0":0,"1":0,"2":0,"3":0,"4":0,"5":0,"6":0,"7":0,"8":0,"9":0,"10":0,"11":0,"12":0,"13":0,"14":0,"15":0,"16":0},"f":{"0":0,"1":0,"2":0,"3":0},"b":{"0":[0]}}
,"/Users/tony/allocator/src/services/calculators/projectedAPYCalculator.ts": {"path":"/Users/tony/allocator/src/services/calculators/projectedAPYCalculator.ts","statementMap":{"0":{"start":{"line":4,"column":38},"end":{"line":8,"column":1}},"1":{"start":{"line":7,"column":2},"end":{"line":7,"column":null}},"2":{"start":{"line":4,"column":13},"end":{"line":4,"column":38}}},"fnMap":{"0":{"name":"(anonymous_0)","decl":{"start":{"line":4,"column":38},"end":{"line":4,"column":null}},"loc":{"start":{"line":5,"column":29},"end":{"line":8,"column":1}}}},"branchMap":{},"s":{"0":0,"1":0,"2":0},"f":{"0":0},"b":{}}
,"/Users/tony/allocator/src/services/calculators/strategyAPYCalculator.ts": {"path":"/Users/tony/allocator/src/services/calculators/strategyAPYCalculator.ts","statementMap":{"0":{"start":{"line":2,"column":0},"end":{"line":2,"column":67}},"1":{"start":{"line":4,"column":37},"end":{"line":16,"column":1}},"2":{"start":{"line":8,"column":22},"end":{"line":8,"column":46}},"3":{"start":{"line":10,"column":21},"end":{"line":10,"column":73}},"4":{"start":{"line":12,"column":2},"end":{"line":15,"column":null}},"5":{"start":{"line":4,"column":13},"end":{"line":4,"column":37}}},"fnMap":{"0":{"name":"(anonymous_0)","decl":{"start":{"line":4,"column":37},"end":{"line":4,"column":null}},"loc":{"start":{"line":6,"column":34},"end":{"line":16,"column":1}}}},"branchMap":{},"s":{"0":0,"1":0,"2":0,"3":0,"4":0,"5":0},"f":{"0":0},"b":{}}
,"/Users/tony/allocator/src/services/calculators/totalAllocationCalculator.ts": {"path":"/Users/tony/allocator/src/services/calculators/totalAllocationCalculator.ts","statementMap":{"0":{"start":{"line":4,"column":41},"end":{"line":11,"column":1}},"1":{"start":{"line":8,"column":2},"end":{"line":10,"column":null}},"2":{"start":{"line":4,"column":13},"end":{"line":4,"column":41}}},"fnMap":{"0":{"name":"(anonymous_0)","decl":{"start":{"line":4,"column":41},"end":{"line":4,"column":null}},"loc":{"start":{"line":6,"column":39},"end":{"line":11,"column":1}}}},"branchMap":{},"s":{"0":0,"1":0,"2":0},"f":{"0":0},"b":{}}
,"/Users/tony/allocator/src/services/calculators/weightedAPYsCalculator.ts": {"path":"/Users/tony/allocator/src/services/calculators/weightedAPYsCalculator.ts","statementMap":{"0":{"start":{"line":5,"column":38},"end":{"line":12,"column":1}},"1":{"start":{"line":9,"column":2},"end":{"line":11,"column":null}},"2":{"start":{"line":5,"column":13},"end":{"line":5,"column":38}}},"fnMap":{"0":{"name":"(anonymous_0)","decl":{"start":{"line":5,"column":38},"end":{"line":5,"column":null}},"loc":{"start":{"line":7,"column":33},"end":{"line":12,"column":1}}}},"branchMap":{},"s":{"0":0,"1":0,"2":0},"f":{"0":0},"b":{}}
,"/Users/tony/allocator/src/services/validators/requestAllocationValidator.ts": {"path":"/Users/tony/allocator/src/services/validators/requestAllocationValidator.ts","statementMap":{"0":{"start":{"line":2,"column":0},"end":{"line":2,"column":59}},"1":{"start":{"line":3,"column":0},"end":{"line":3,"column":80}},"2":{"start":{"line":4,"column":0},"end":{"line":4,"column":41}},"3":{"start":{"line":6,"column":42},"end":{"line":15,"column":1}},"4":{"start":{"line":9,"column":29},"end":{"line":12,"column":24}},"5":{"start":{"line":14,"column":2},"end":{"line":14,"column":null}},"6":{"start":{"line":6,"column":13},"end":{"line":6,"column":42}},"7":{"start":{"line":18,"column":2},"end":{"line":19,"column":3}},"8":{"start":{"line":19,"column":2},"end":{"line":35,"column":null}},"9":{"start":{"line":20,"column":27},"end":{"line":20,"column":51}},"10":{"start":{"line":22,"column":4},"end":{"line":22,"column":null}},"11":{"start":{"line":22,"column":25},"end":{"line":22,"column":null}},"12":{"start":{"line":24,"column":32},"end":{"line":25,"column":null}},"13":{"start":{"line":28,"column":28},"end":{"line":28,"column":66}},"14":{"start":{"line":30,"column":4},"end":{"line":31,"column":null}},"15":{"start":{"line":31,"column":6},"end":{"line":31,"column":null}},"16":{"start":{"line":33,"column":4},"end":{"line":34,"column":null}},"17":{"start":{"line":34,"column":6},"end":{"line":34,"column":null}},"18":{"start":{"line":38,"column":2},"end":{"line":39,"column":3}},"19":{"start":{"line":39,"column":2},"end":{"line":44,"column":null}},"20":{"start":{"line":40,"column":31},"end":{"line":40,"column":55}},"21":{"start":{"line":41,"column":4},"end":{"line":42,"column":null}},"22":{"start":{"line":42,"column":6},"end":{"line":42,"column":null}},"23":{"start":{"line":43,"column":4},"end":{"line":43,"column":null}}},"fnMap":{"0":{"name":"(anonymous_0)","decl":{"start":{"line":6,"column":42},"end":{"line":6,"column":null}},"loc":{"start":{"line":7,"column":39},"end":{"line":15,"column":1}}},"1":{"name":"(anonymous_1)","decl":{"start":{"line":18,"column":2},"end":{"line":18,"column":3}},"loc":{"start":{"line":18,"column":61},"end":{"line":19,"column":3}}},"2":{"name":"(anonymous_2)","decl":{"start":{"line":19,"column":2},"end":{"line":19,"column":3}},"loc":{"start":{"line":19,"column":13},"end":{"line":35,"column":3}}},"3":{"name":"(anonymous_3)","decl":{"start":{"line":38,"column":2},"end":{"line":38,"column":3}},"loc":{"start":{"line":38,"column":57},"end":{"line":39,"column":3}}},"4":{"name":"(anonymous_4)","decl":{"start":{"line":39,"column":2},"end":{"line":39,"column":3}},"loc":{"start":{"line":39,"column":21},"end":{"line":44,"column":3}}}},"branchMap":{"0":{"loc":{"start":{"line":22,"column":4},"end":{"line":22,"column":null}},"type":"if","locations":[{"start":{"line":22,"column":4},"end":{"line":22,"column":null}}]},"1":{"loc":{"start":{"line":30,"column":4},"end":{"line":31,"column":null}},"type":"if","locations":[{"start":{"line":30,"column":4},"end":{"line":31,"column":null}}]},"2":{"loc":{"start":{"line":33,"column":4},"end":{"line":34,"column":null}},"type":"if","locations":[{"start":{"line":33,"column":4},"end":{"line":34,"column":null}}]},"3":{"loc":{"start":{"line":41,"column":4},"end":{"line":42,"column":null}},"type":"if","locations":[{"start":{"line":41,"column":4},"end":{"line":42,"column":null}}]}},"s":{"0":0,"1":0,"2":0,"3":0,"4":0,"5":0,"6":0,"7":0,"8":0,"9":0,"10":0,"11":0,"12":0,"13":0,"14":0,"15":0,"16":0,"17":0,"18":0,"19":0,"20":0,"21":0,"22":0,"23":0},"f":{"0":0,"1":0,"2":0,"3":0,"4":0},"b":{"0":[0],"1":[0],"2":[0],"3":[0]}}
,"/Users/tony/allocator/src/utils/bigNumberSum.ts": {"path":"/Users/tony/allocator/src/utils/bigNumberSum.ts","statementMap":{"0":{"start":{"line":1,"column":0},"end":{"line":1,"column":36}},"1":{"start":{"line":3,"column":28},"end":{"line":3,"column":72}},"2":{"start":{"line":3,"column":71},"end":{"line":3,"column":null}},"3":{"start":{"line":3,"column":13},"end":{"line":3,"column":28}},"4":{"start":{"line":5,"column":33},"end":{"line":6,"column":7}},"5":{"start":{"line":6,"column":2},"end":{"line":6,"column":null}},"6":{"start":{"line":5,"column":13},"end":{"line":5,"column":33}}},"fnMap":{"0":{"name":"(anonymous_1)","decl":{"start":{"line":3,"column":28},"end":{"line":3,"column":29}},"loc":{"start":{"line":3,"column":55},"end":{"line":3,"column":72}}},"1":{"name":"(anonymous_2)","decl":{"start":{"line":5,"column":33},"end":{"line":5,"column":34}},"loc":{"start":{"line":5,"column":52},"end":{"line":6,"column":7}}}},"branchMap":{},"s":{"0":0,"1":0,"2":0,"3":0,"4":0,"5":0,"6":0},"f":{"0":0,"1":0},"b":{}}
,"/Users/tony/allocator/src/utils/getMockAPY.ts": {"path":"/Users/tony/allocator/src/utils/getMockAPY.ts","statementMap":{"0":{"start":{"line":1,"column":0},"end":{"line":1,"column":36}},"1":{"start":{"line":4,"column":26},"end":{"line":18,"column":1}},"2":{"start":{"line":10,"column":14},"end":{"line":10,"column":38}},"3":{"start":{"line":11,"column":23},"end":{"line":11,"column":51}},"4":{"start":{"line":12,"column":2},"end":{"line":12,"column":null}},"5":{"start":{"line":12,"column":21},"end":{"line":12,"column":null}},"6":{"start":{"line":13,"column":14},"end":{"line":13,"column":41}},"7":{"start":{"line":14,"column":2},"end":{"line":17,"column":null}},"8":{"start":{"line":4,"column":13},"end":{"line":4,"column":26}}},"fnMap":{"0":{"name":"(anonymous_1)","decl":{"start":{"line":4,"column":26},"end":{"line":4,"column":null}},"loc":{"start":{"line":8,"column":42},"end":{"line":18,"column":1}}}},"branchMap":{"0":{"loc":{"start":{"line":11,"column":23},"end":{"line":11,"column":51}},"type":"cond-expr","locations":[{"start":{"line":11,"column":40},"end":{"line":11,"column":42}},{"start":{"line":11,"column":40},"end":{"line":11,"column":51}}]},"1":{"loc":{"start":{"line":11,"column":23},"end":{"line":11,"column":42}},"type":"binary-expr","locations":[{"start":{"line":11,"column":23},"end":{"line":11,"column":42}},{"start":{"line":11,"column":40},"end":{"line":11,"column":42}}]},"2":{"loc":{"start":{"line":12,"column":2},"end":{"line":12,"column":null}},"type":"if","locations":[{"start":{"line":12,"column":2},"end":{"line":12,"column":null}}]}},"s":{"0":0,"1":0,"2":0,"3":0,"4":0,"5":0,"6":0,"7":0,"8":0},"f":{"0":0},"b":{"0":[0,0],"1":[0,0],"2":[0]}}
,"/Users/tony/allocator/src/utils/index.ts": {"path":"/Users/tony/allocator/src/utils/index.ts","statementMap":{"0":{"start":{"line":1,"column":0},"end":{"line":1,"column":30}}},"fnMap":{},"branchMap":{},"s":{"0":0},"f":{},"b":{}}
}
